<?xml version="1.0" encoding="UTF-8"?>
<testng-results ignored="0" total="1" passed="1" failed="0" skipped="0">
  <reporter-output>
  </reporter-output>
  <suite started-at="2023-05-07T12:27:00 EDT" name="Default suite" finished-at="2023-05-07T12:27:08 EDT" duration-ms="7969">
    <groups>
    </groups>
    <test started-at="2023-05-07T12:27:00 EDT" name="Default test" finished-at="2023-05-07T12:27:08 EDT" duration-ms="7969">
      <class name="com.testleaf.pages.TestCaseExecution">
        <test-method signature="verifyLoging()[pri:0, instance:com.testleaf.pages.TestCaseExecution@10feca44]" started-at="2023-05-07T12:27:00 EDT" name="verifyLoging" finished-at="2023-05-07T12:27:08 EDT" duration-ms="7929" status="PASS">
          <reporter-output>
          </reporter-output>
        </test-method> <!-- verifyLoging -->
      </class> <!-- com.testleaf.pages.TestCaseExecution -->
    </test> <!-- Default test -->
  </suite> <!-- Default suite -->
</testng-results>
